2020-07-10 09:40:11,098: INFO ==> 

----------------------------------------------
  MACHINE LEARNING FOR CICY 3-FOLDS

----------------------------------------------
  Authors: Harold Erbin, Riccardo Finotello
----------------------------------------------
  Abstract:

  In the context of String Theory
  compactifications, we consider CICY 3-folds
  and use machine learning to predict the
  values of the Hodge numbers h_11 and h_21.


2020-07-10 09:40:14,193: DEBUG ==> Set GPU memory growth.
2020-07-10 09:40:14,296: DEBUG ==> File successfully downloaded.
2020-07-10 09:40:30,752: DEBUG ==> Tidy database has been saved to file.
2020-07-10 09:40:37,591: INFO ==> Computing SVD.
2020-07-10 09:40:45,681: INFO ==> Computing PCA.
2020-07-10 09:40:47,628: INFO ==> Computing KMeans with 2 clusters
2020-07-10 09:40:48,294: INFO ==> Computing KMeans with 3 clusters
2020-07-10 09:40:49,559: INFO ==> Computing KMeans with 4 clusters
2020-07-10 09:40:51,565: INFO ==> Computing KMeans with 5 clusters
2020-07-10 09:40:53,804: INFO ==> Computing KMeans with 6 clusters
2020-07-10 09:40:56,666: INFO ==> Computing KMeans with 7 clusters
2020-07-10 09:40:59,489: INFO ==> Computing KMeans with 8 clusters
2020-07-10 09:41:02,088: INFO ==> Computing KMeans with 9 clusters
2020-07-10 09:41:05,165: INFO ==> Computing KMeans with 10 clusters
2020-07-10 09:41:08,563: INFO ==> Computing KMeans with 11 clusters
2020-07-10 09:41:12,181: INFO ==> Computing KMeans with 12 clusters
2020-07-10 09:41:15,308: INFO ==> Computing KMeans with 13 clusters
2020-07-10 09:41:19,482: INFO ==> Computing KMeans with 14 clusters
2020-07-10 09:41:25,603: INFO ==> Computing KMeans with 15 clusters
2020-07-10 09:41:36,321: INFO ==> Full database has been saved to file.
2020-07-10 09:41:36,418: INFO ==> Fitting random forest for variable ranking.
