2020-04-18 11:22:47,060 --> INFO: GPU setup: 1 physical GPUs, 1 logical GPUs.
2020-04-18 11:22:47,067 --> INFO: Reading database...
2020-04-18 11:22:47,173 --> INFO: Database loaded!
2020-04-18 11:22:47,677 --> INFO: Splitting into training and test sets...
2020-04-18 11:22:47,681 --> INFO: Divided into training and test sets!
2020-04-18 11:22:47,695 --> INFO: Splitting into training and validation sets...
2020-04-18 11:22:47,698 --> INFO: Divided into training and validation sets!
2020-04-18 11:22:48,227 --> INFO: Saving ./img/original/cnn_matrix_input_example.png...
2020-04-18 11:22:48,617 --> INFO: Saved ./img/original/cnn_matrix_input_example.png!
2020-04-18 11:22:49,255 --> INFO: Reshaping the input...
2020-04-18 11:22:49,256 --> INFO: Input reshaped!

--------------------------------------------------------------------------------
                                TRAINING FOR h11
--------------------------------------------------------------------------------

2020-04-18 11:22:50,685 --> INFO: Training the model for h11...
2020-04-18 11:58:41,528 --> INFO: Evaluating the model for h11...
2020-04-18 11:58:41,855 --> INFO: Loss: 0.255, MSE: 0.235
2020-04-18 11:58:42,276 --> INFO: Accuracy on the validation set: 93.121%
2020-04-18 11:58:42,474 --> INFO: Accuracy (rint) of the predictions: 91.603%
2020-04-18 11:58:42,719 --> INFO: Saving ./img/original/cnn_matrix_h11_history.png...
2020-04-18 11:58:42,993 --> INFO: Saved ./img/original/cnn_matrix_h11_history.png!
2020-04-18 11:58:43,307 --> INFO: Plotting error distribution...
2020-04-18 11:58:44,038 --> INFO: Saving ./img/original/cnn_model_matrix_h11_error.png...
2020-04-18 11:58:44,134 --> INFO: Saved ./img/original/cnn_model_matrix_h11_error.png!

--------------------------------------------------------------------------------
                                TRAINING FOR h21
--------------------------------------------------------------------------------

2020-04-18 16:24:27,655 --> INFO: Training the model for h21...
2020-04-18 20:18:44,108 --> INFO: Evaluating the model for h21...
2020-04-18 20:18:45,795 --> INFO: Loss: 2.996, MSE: 2.758
2020-04-18 20:18:47,601 --> INFO: Accuracy on the validation set: 36.688%
2020-04-18 20:18:49,119 --> INFO: Accuracy (rint) of the predictions: 35.623%
2020-04-18 20:18:49,351 --> INFO: Saving ./img/original/cnn_matrix_h21_history.png...
2020-04-18 20:18:49,572 --> INFO: Saved ./img/original/cnn_matrix_h21_history.png!
2020-04-18 20:18:49,935 --> INFO: Plotting error distribution...
2020-04-18 20:18:51,523 --> INFO: Saving ./img/original/cnn_model_matrix_h11_error.png...
2020-04-18 20:18:51,639 --> INFO: Saved ./img/original/cnn_model_matrix_h11_error.png!
