--------------------------------------------------------------------------------
                              DATABASE EXTRACTION
--------------------------------------------------------------------------------

2020-04-09 11:51:28,471 --> INFO: Extracting dataset from tarball...
2020-04-09 11:51:28,544 --> INFO: Dataset extracted!
2020-04-09 11:51:29,223 --> INFO: GPU setup: 1 physical GPUs, 1 logical GPUs.
2020-04-09 11:51:29,235 --> INFO: Reading database...
2020-04-09 11:51:29,845 --> INFO: Database loaded!
2020-04-09 11:51:29,846 --> INFO: Shuffling database...
2020-04-09 11:51:29,853 --> INFO: Database shuffled!

--------------------------------------------------------------------------------
                              DATABASE PREPARATION
--------------------------------------------------------------------------------

2020-04-09 11:51:29,873 --> INFO: Removing product spaces...
2020-04-09 11:51:29,887 --> INFO: Product spaces removed!
2020-04-09 11:51:29,890 --> INFO: Removing outliers...
2020-04-09 11:51:29,926 --> INFO: Outliers removed!

--------------------------------------------------------------------------------
                               DATA VISUALISATION
--------------------------------------------------------------------------------

2020-04-09 11:51:31,215 --> INFO: Saving ./img/original/h11_distribution.png...
2020-04-09 11:51:31,790 --> INFO: Saved ./img/original/h11_distribution.png!
2020-04-09 11:51:32,993 --> INFO: Saving ./img/original/h21_distribution.png...
2020-04-09 11:51:33,532 --> INFO: Saved ./img/original/h21_distribution.png!
2020-04-09 11:51:35,184 --> INFO: Saving ./img/original/h11_h21_distribution.png...
2020-04-09 11:51:36,078 --> INFO: Saved ./img/original/h11_h21_distribution.png!

--------------------------------------------------------------------------------
                               FEATURE SELECTION
--------------------------------------------------------------------------------

2020-04-09 11:51:37,275 --> INFO: Selecting labels...
2020-04-09 11:51:37,277 --> INFO: Labels selected!
2020-04-09 11:51:37,281 --> INFO: Selecting features...
2020-04-09 11:51:37,292 --> INFO: Features selected!
2020-04-09 11:51:37,301 --> INFO: Extracting dim_cp from vector features...
2020-04-09 11:51:37,631 --> INFO: Extracting num_dim_cp from vector features...
2020-04-09 11:51:37,916 --> INFO: Extracting deg_eqs from vector features...
2020-04-09 11:51:38,199 --> INFO: Extracting num_deg_eqs from vector features...
2020-04-09 11:51:38,533 --> INFO: Extracting dim_h0_amb from vector features...
2020-04-09 11:51:38,735 --> INFO: Vector features have been extracted!
2020-04-09 11:51:38,736 --> INFO: Extracting matrix from tensor features...
2020-04-09 11:51:39,372 --> INFO: Tensor features have been extracted!
2020-04-09 11:51:39,375 --> INFO: Features have been fully extracted!

--------------------------------------------------------------------------------
                              FEATURE ENGINEERING
--------------------------------------------------------------------------------

2020-04-09 11:51:39,683 --> INFO: Saving ./img/original/correlation_matrix.png...
2020-04-09 11:51:39,933 --> INFO: Saved ./img/original/correlation_matrix.png!
2020-04-09 11:51:40,767 --> INFO: Computing clustering for 2 clusters...
2020-04-09 11:51:41,811 --> INFO: Computing clustering for 3 clusters...
2020-04-09 11:51:42,327 --> INFO: Computing clustering for 4 clusters...
2020-04-09 11:51:43,215 --> INFO: Computing clustering for 5 clusters...
2020-04-09 11:51:44,390 --> INFO: Computing clustering for 6 clusters...
2020-04-09 11:51:45,614 --> INFO: Computing clustering for 7 clusters...
2020-04-09 11:51:46,837 --> INFO: Computing clustering for 8 clusters...
2020-04-09 11:51:48,101 --> INFO: Computing clustering for 9 clusters...
2020-04-09 11:51:49,506 --> INFO: Computing clustering for 10 clusters...
2020-04-09 11:51:50,933 --> INFO: Computing clustering for 11 clusters...
2020-04-09 11:51:52,394 --> INFO: Computing clustering for 12 clusters...
2020-04-09 11:51:54,010 --> INFO: Computing clustering for 13 clusters...
2020-04-09 11:51:55,756 --> INFO: Computing clustering for 14 clusters...
2020-04-09 11:51:57,165 --> INFO: Computing clustering for 15 clusters...
2020-04-09 11:51:58,829 --> INFO: Computing clustering for 16 clusters...
2020-04-09 11:52:00,598 --> INFO: Computing clustering for 17 clusters...
2020-04-09 11:52:02,207 --> INFO: Computing clustering for 18 clusters...
2020-04-09 11:52:04,052 --> INFO: Computing clustering for 19 clusters...
2020-04-09 11:52:06,200 --> INFO: Clustering task ended!
2020-04-09 11:52:06,228 --> INFO: Adding clustering labels to dataframe...
2020-04-09 11:52:06,254 --> INFO: Labels have been added!
2020-04-09 11:52:06,294 --> INFO: Computing PCA with 2 components...
2020-04-09 11:52:06,467 --> INFO: PCA with 2 components computed!
2020-04-09 11:52:06,476 --> INFO: Ratio of the variance retained for each component: 9.09%, 5.59%
2020-04-09 11:52:06,712 --> INFO: Saving ./img/original/h11_h21_pca_2_comp.png...
2020-04-09 11:52:07,282 --> INFO: Saved ./img/original/h11_h21_pca_2_comp.png!
2020-04-09 11:52:07,761 --> INFO: Computing PCA with 99% variance...
2020-04-09 11:52:07,860 --> INFO: PCA with 99% variance computed!
2020-04-09 11:52:07,861 --> INFO: No. of components of the PCA: 81
2020-04-09 11:52:07,866 --> INFO: Adding PCA to dataframe...
2020-04-09 11:52:07,875 --> INFO: PCA has been added!

--------------------------------------------------------------------------------
                                VARIABLE RANKING
--------------------------------------------------------------------------------

2020-04-09 11:52:10,103 --> INFO: Computing random forest for h11...
2020-04-09 11:52:18,369 --> INFO: Random forest for h11 completed!
2020-04-09 11:52:18,500 --> INFO: Accuracy of the random forest for h11: 72.297%
2020-04-09 11:52:18,501 --> INFO: Computing random forest for h21...
2020-04-09 11:52:26,352 --> INFO: Random forest for h21 completed!
2020-04-09 11:52:26,497 --> INFO: Accuracy of the random forest for h21: 41.689%
2020-04-09 11:52:26,871 --> INFO: Saving ./img/original/feat_imp_scalars.png...
2020-04-09 11:52:26,972 --> INFO: Saved ./img/original/feat_imp_scalars.png!
2020-04-09 11:52:27,237 --> INFO: Saving ./img/original/feat_imp_vectors_clustering.png...
2020-04-09 11:52:27,463 --> INFO: Saved ./img/original/feat_imp_vectors_clustering.png!
2020-04-09 11:52:27,769 --> INFO: Cluster importance for h11: 0.858%
2020-04-09 11:52:27,770 --> INFO: Cluster importance for h21: 0.423%
2020-04-09 11:52:28,135 --> INFO: Saving ./img/original/feat_imp_matrix_pca.png...
2020-04-09 11:52:28,269 --> INFO: Saved ./img/original/feat_imp_matrix_pca.png!
2020-04-09 11:52:28,599 --> INFO: Saving ./img/original/feat_imp_vector_tensor_sum.png...
2020-04-09 11:52:28,685 --> INFO: Saved ./img/original/feat_imp_vector_tensor_sum.png!
2020-04-09 11:52:28,867 --> INFO: Saving ./img/original/feat_imp_sum.png...
2020-04-09 11:52:28,948 --> INFO: Saved ./img/original/feat_imp_sum.png!
2020-04-09 11:52:29,046 --> INFO: Saving engineered dataset to file...
2020-04-09 11:52:29,168 --> INFO: Engineered dataset saved to file!
2020-04-09 11:52:29,169 --> INFO: Saving matrix to file...
2020-04-09 11:52:29,232 --> INFO: Matrix saved to file!
2020-04-09 11:52:29,243 --> INFO: Reading database...
2020-04-09 11:52:29,301 --> INFO: Database loaded!
2020-04-09 11:52:29,311 --> INFO: Extracting features from the engineered database...
2020-04-09 11:52:31,144 --> INFO: Features extracted!
2020-04-09 11:52:31,145 --> INFO: Reading database...
2020-04-09 11:52:31,194 --> INFO: Database loaded!
2020-04-09 11:52:31,205 --> INFO: Extracting features from the matrix database...
2020-04-09 11:52:31,818 --> INFO: Features extracted!

--------------------------------------------------------------------------------
                               LINEAR REGRESSION
--------------------------------------------------------------------------------

2020-04-09 11:52:31,874 --> INFO: Evaluating Linear Regression...
2020-04-09 11:52:31,875 --> INFO: Fitting the matrix baseline for h11...
2020-04-09 11:52:39,809 --> INFO: Best parameters: {'fit_intercept': True, 'normalize': True}
2020-04-09 11:52:39,810 --> INFO: Accuracy (floor) of cross-validation: (50.531 ± 1.045)%
2020-04-09 11:52:39,817 --> INFO: Accuracy (floor) of the predictions: 51.399%
2020-04-09 11:52:39,818 --> INFO: Fitting the matrix baseline for h21...
2020-04-09 11:52:47,942 --> INFO: Best parameters: {'fit_intercept': True, 'normalize': True}
2020-04-09 11:52:47,943 --> INFO: Accuracy (floor) of cross-validation: (10.927 ± 0.780)%
2020-04-09 11:52:47,950 --> INFO: Accuracy (floor) of the predictions: 11.196%
2020-04-09 11:52:47,951 --> INFO: Fitting the feature engineered dataset for h11...
2020-04-09 11:52:49,158 --> INFO: Best parameters: {'fit_intercept': True, 'normalize': True}
2020-04-09 11:52:49,159 --> INFO: Accuracy (floor) of cross-validation: (52.555 ± 1.253)%
2020-04-09 11:52:49,170 --> INFO: Accuracy (floor) of the predictions: 50.891%
2020-04-09 11:52:49,171 --> INFO: Fitting the feature engineered dataset for h21...
2020-04-09 11:52:50,942 --> INFO: Best parameters: {'fit_intercept': True, 'normalize': True}
2020-04-09 11:52:50,951 --> INFO: Accuracy (floor) of cross-validation: (19.887 ± 1.065)%
2020-04-09 11:52:50,963 --> INFO: Accuracy (floor) of the predictions: 17.939%
2020-04-09 11:52:50,965 --> INFO: Plotting error distribution...
2020-04-09 11:52:51,146 --> INFO: Saving ./img/original/lin_reg_error_eng.png...
2020-04-09 11:52:51,356 --> INFO: Saved ./img/original/lin_reg_error_eng.png!
2020-04-09 11:52:51,535 --> INFO: Saving the estimator to lin_reg_h11.joblib.xz...
2020-04-09 11:52:51,573 --> INFO: Saved lin_reg_h11.joblib.xz!
2020-04-09 11:52:51,574 --> INFO: Saving the estimator to lin_reg_h21.joblib.xz...
2020-04-09 11:52:51,614 --> INFO: Saved lin_reg_h21.joblib.xz!

--------------------------------------------------------------------------------
                                     LASSO
--------------------------------------------------------------------------------

2020-04-09 11:52:51,652 --> INFO: Evaluating Lasso...
2020-04-09 11:52:51,657 --> INFO: Fitting the matrix baseline for h11...
2020-04-09 11:58:37,327 --> INFO: Best parameters: {'alpha': 6.537447325215235e-05, 'fit_intercept': 1, 'normalize': 1, 'positive': 1}
2020-04-09 11:58:39,167 --> INFO: Accuracy (floor) of the cross-validation: 51.352% ± 1.211%
2020-04-09 11:58:39,310 --> INFO: Accuracy (floor) of the predictions: 50.509%
2020-04-09 11:58:39,311 --> INFO: Fitting the matrix baseline for h21...
2020-04-09 12:12:43,321 --> INFO: Best parameters: {'alpha': 0.001005300150246659, 'fit_intercept': 1, 'normalize': 0, 'positive': 0}
2020-04-09 12:12:45,628 --> INFO: Accuracy (floor) of the cross-validation: 11.168% ± 0.534%
2020-04-09 12:12:45,833 --> INFO: Accuracy (floor) of the predictions: 10.305%
2020-04-09 12:12:45,834 --> INFO: Fitting the feature engineered set for h11...
2020-04-09 12:15:09,505 --> INFO: Best parameters: {'alpha': 0.07465180326075849, 'fit_intercept': 0, 'normalize': 1, 'positive': 0}
2020-04-09 12:15:09,701 --> INFO: Accuracy (floor) of the cross-validation: 63.765% ± 1.529%
2020-04-09 12:15:09,719 --> INFO: Accuracy (floor) of the predictions: 63.613%
2020-04-09 12:15:09,720 --> INFO: Fitting the feature engineered set for h21...
2020-04-09 12:27:50,367 --> INFO: Best parameters: {'alpha': 1.8441967978871898e-05, 'fit_intercept': 1, 'normalize': 1, 'positive': 0}
2020-04-09 12:27:54,078 --> INFO: Accuracy (floor) of the cross-validation: 20.226% ± 0.715%
2020-04-09 12:27:55,257 --> INFO: Accuracy (floor) of the predictions: 17.430%
2020-04-09 12:27:55,258 --> INFO: Plotting convergence progression...
2020-04-09 12:27:55,466 --> INFO: Saving ./img/original/lasso_conv_prog_eng.png...
2020-04-09 12:27:55,602 --> INFO: Saved ./img/original/lasso_conv_prog_eng.png!
2020-04-09 12:27:55,781 --> INFO: Plotting error distribution...
2020-04-09 12:27:55,869 --> INFO: Saving ./img/original/lasso_error_eng.png...
2020-04-09 12:27:55,976 --> INFO: Saved ./img/original/lasso_error_eng.png!
2020-04-09 12:27:56,084 --> INFO: Saving the estimator to lasso_h11.joblib.xz...
2020-04-09 12:27:56,123 --> INFO: Saved lasso_h11.joblib.xz!
2020-04-09 12:27:56,124 --> INFO: Saving the estimator to lasso_h21.joblib.xz...
2020-04-09 12:27:56,171 --> INFO: Saved lasso_h21.joblib.xz!

--------------------------------------------------------------------------------
                                     RIDGE
--------------------------------------------------------------------------------

2020-04-09 12:27:56,216 --> INFO: Evaluating Ridge...
2020-04-09 12:27:56,219 --> INFO: Fitting the matrix baseline for h11...
2020-04-09 12:32:13,758 --> INFO: Best parameters: {'alpha': 0.024433312339777795, 'fit_intercept': 1, 'normalize': 1}
2020-04-09 12:32:15,568 --> INFO: Accuracy (floor) of the cross-validation: 51.649% ± 1.323%
2020-04-09 12:32:15,596 --> INFO: Accuracy (floor) of the predictions: 51.527%
2020-04-09 12:32:15,597 --> INFO: Fitting the matrix baseline for h21...
2020-04-09 12:36:14,557 --> INFO: Best parameters: {'alpha': 2.3386114231851183, 'fit_intercept': 1, 'normalize': 0}
2020-04-09 12:36:16,359 --> INFO: Accuracy (floor) of the cross-validation: 11.196% ± 0.596%
2020-04-09 12:36:16,391 --> INFO: Accuracy (floor) of the predictions: 10.305%
2020-04-09 12:36:16,392 --> INFO: Fitting the feature engineered set for h11...
2020-04-09 12:37:31,617 --> INFO: Best parameters: {'alpha': 987.3896902033662, 'fit_intercept': 0, 'normalize': 1}
2020-04-09 12:37:31,737 --> INFO: Accuracy (floor) of the cross-validation: 60.396% ± 0.770%
2020-04-09 12:37:31,746 --> INFO: Accuracy (floor) of the predictions: 58.142%
2020-04-09 12:37:31,747 --> INFO: Fitting the feature engineered set for h21...
2020-04-09 12:38:53,706 --> INFO: Best parameters: {'alpha': 0.0023883783005328252, 'fit_intercept': 1, 'normalize': 1}
2020-04-09 12:38:53,820 --> INFO: Accuracy (floor) of the cross-validation: 20.212% ± 1.024%
2020-04-09 12:38:53,833 --> INFO: Accuracy (floor) of the predictions: 16.921%
2020-04-09 12:38:53,835 --> INFO: Plotting convergence progression...
2020-04-09 12:38:53,992 --> INFO: Saving ./img/original/ridge_conv_prog_eng.png...
2020-04-09 12:38:54,125 --> INFO: Saved ./img/original/ridge_conv_prog_eng.png!
2020-04-09 12:38:54,294 --> INFO: Plotting error distribution...
2020-04-09 12:38:54,390 --> INFO: Saving ./img/original/ridge_error_eng.png...
2020-04-09 12:38:54,513 --> INFO: Saved ./img/original/ridge_error_eng.png!
2020-04-09 12:38:54,604 --> INFO: Saving the estimator to ridge_h11.joblib.xz...
2020-04-09 12:38:54,635 --> INFO: Saved ridge_h11.joblib.xz!
2020-04-09 12:38:54,636 --> INFO: Saving the estimator to ridge_h21.joblib.xz...
2020-04-09 12:38:54,669 --> INFO: Saved ridge_h21.joblib.xz!

--------------------------------------------------------------------------------
                                  ELASTIC NET
--------------------------------------------------------------------------------

2020-04-09 12:38:54,716 --> INFO: Evaluating Elastic Net...
2020-04-09 12:38:54,722 --> INFO: Fitting the matrix baseline for h11...
2020-04-09 12:54:27,858 --> INFO: Best parameters: {'alpha': 6.489338358646725e-06, 'fit_intercept': 1, 'normalize': 1}
2020-04-09 12:54:30,618 --> INFO: Accuracy (floor) of the cross-validation: 51.465% ± 1.247%
2020-04-09 12:54:31,119 --> INFO: Accuracy (floor) of the predictions: 51.654%
2020-04-09 12:54:31,120 --> INFO: Fitting the matrix baseline for h21...
2020-04-09 13:38:44,317 --> INFO: Best parameters: {'alpha': 4.266318343793527e-06, 'fit_intercept': 1, 'normalize': 1}
2020-04-09 13:38:50,168 --> INFO: Accuracy (floor) of the cross-validation: 11.281% ± 0.974%
2020-04-09 13:38:51,981 --> INFO: Accuracy (floor) of the predictions: 10.814%
2020-04-09 13:38:51,982 --> INFO: Fitting the feature engineered set for h11...
2020-04-09 13:42:57,850 --> INFO: Best parameters: {'alpha': 0.0999222657985683, 'fit_intercept': 0, 'normalize': 0}
2020-04-09 13:42:58,096 --> INFO: Accuracy (floor) of the cross-validation: 62.930% ± 1.349%
2020-04-09 13:42:58,123 --> INFO: Accuracy (floor) of the predictions: 64.122%
2020-04-09 13:42:58,124 --> INFO: Fitting the feature engineered set for h21...
2020-04-09 14:21:14,918 --> INFO: Best parameters: {'alpha': 2.732330584792332e-07, 'fit_intercept': 1, 'normalize': 1}
2020-04-09 14:21:24,838 --> INFO: Accuracy (floor) of the cross-validation: 20.127% ± 0.968%
2020-04-09 14:21:28,138 --> INFO: Accuracy (floor) of the predictions: 17.430%
2020-04-09 14:21:28,139 --> INFO: Plotting convergence progression...
2020-04-09 14:21:28,327 --> INFO: Saving ./img/original/el_net_conv_prog_eng.png...
2020-04-09 14:21:28,515 --> INFO: Saved ./img/original/el_net_conv_prog_eng.png!
2020-04-09 14:21:28,769 --> INFO: Plotting error distribution...
2020-04-09 14:21:28,900 --> INFO: Saving ./img/original/el_net_error_eng.png...
2020-04-09 14:21:29,047 --> INFO: Saved ./img/original/el_net_error_eng.png!
2020-04-09 14:21:29,188 --> INFO: Saving the estimator to el_net_h11.joblib.xz...
2020-04-09 14:21:29,234 --> INFO: Saved el_net_h11.joblib.xz!
2020-04-09 14:21:29,235 --> INFO: Saving the estimator to el_net_h21.joblib.xz...
2020-04-09 14:21:29,283 --> INFO: Saved el_net_h21.joblib.xz!

--------------------------------------------------------------------------------
                                   LINEAR SVR
--------------------------------------------------------------------------------

2020-04-09 14:21:29,329 --> INFO: Evaluating Linear SVR...
2020-04-09 14:21:29,338 --> INFO: Fitting the matrix baseline for h11...
2020-04-09 14:42:34,274 --> INFO: Best parameters: {'C': 0.024150170295267344, 'intercept_scaling': 0.28602907950666967, 'fit_intercept': 1, 'loss': 'squared_epsilon_insensitive'}
2020-04-09 14:42:36,395 --> INFO: Accuracy (floor) of the cross-validation: 51.437% ± 1.678%
2020-04-09 14:42:36,436 --> INFO: Accuracy (floor) of the predictions: 51.908%
2020-04-09 14:42:36,438 --> INFO: Fitting the matrix baseline for h21...
2020-04-09 14:58:44,224 --> INFO: Best parameters: {'C': 10.107677022985344, 'intercept_scaling': 1.6338298132220626, 'fit_intercept': 1, 'loss': 'epsilon_insensitive'}
2020-04-09 14:58:46,761 --> INFO: Accuracy (floor) of the cross-validation: 11.465% ± 0.630%
2020-04-09 14:58:47,004 --> INFO: Accuracy (floor) of the predictions: 12.087%
2020-04-09 14:58:47,005 --> INFO: Fitting the feature engineered set for h11...
2020-04-09 15:49:52,752 --> INFO: Best parameters: {'C': 0.01, 'intercept_scaling': 0.4608885326772953, 'fit_intercept': 0, 'loss': 'squared_epsilon_insensitive'}
2020-04-09 15:49:52,961 --> INFO: Accuracy (floor) of the cross-validation: 54.876% ± 0.851%
2020-04-09 15:49:53,018 --> INFO: Accuracy (floor) of the predictions: 53.053%
2020-04-09 15:49:53,019 --> INFO: Fitting the feature engineered set for h21...
2020-04-09 17:45:20,178 --> INFO: Best parameters: {'C': 3.9318912970679647, 'intercept_scaling': 0.17583193101026398, 'fit_intercept': 1, 'loss': 'epsilon_insensitive'}
2020-04-09 17:46:52,754 --> INFO: Accuracy (floor) of the cross-validation: 21.840% ± 1.229%
2020-04-09 17:47:18,464 --> INFO: Accuracy (floor) of the predictions: 19.847%
2020-04-09 17:47:18,465 --> INFO: Plotting convergence progression...
2020-04-09 17:47:18,651 --> INFO: Saving ./img/original/lin_svr_conv_prog_eng.png...
2020-04-09 17:47:18,780 --> INFO: Saved ./img/original/lin_svr_conv_prog_eng.png!
2020-04-09 17:47:18,948 --> INFO: Plotting error distribution...
2020-04-09 17:47:19,048 --> INFO: Saving ./img/original/lin_svr_error_eng.png...
2020-04-09 17:47:19,163 --> INFO: Saved ./img/original/lin_svr_error_eng.png!
2020-04-09 17:47:19,259 --> INFO: Saving the estimator to lin_svr_h11.joblib.xz...
2020-04-09 17:47:19,291 --> INFO: Saved lin_svr_h11.joblib.xz!
2020-04-09 17:47:19,292 --> INFO: Saving the estimator to lin_svr_h21.joblib.xz...
2020-04-09 17:47:19,326 --> INFO: Saved lin_svr_h21.joblib.xz!

--------------------------------------------------------------------------------
                                      SVR
--------------------------------------------------------------------------------

2020-04-09 17:47:19,382 --> INFO: Evaluating SVR...
2020-04-09 17:47:19,386 --> INFO: Fitting the matrix baseline for h11...
2020-04-09 20:14:16,112 --> INFO: Best parameters: {'C': 35.33852281770326, 'gamma': 0.035409984260578134, 'epsilon': 1e-06, 'shrinking': 0}
2020-04-09 20:16:04,038 --> INFO: Accuracy (rint) of the cross-validation: 70.318% ± 1.277%
2020-04-09 20:16:52,156 --> INFO: Accuracy (rint) of the predictions: 68.575%
2020-04-09 20:16:52,157 --> INFO: Fitting the matrix baseline for h21...
2020-04-09 21:51:04,308 --> INFO: Best parameters: {'C': 18.41049109945271, 'gamma': 0.0675734377514334, 'epsilon': 1e-06, 'shrinking': 0}
2020-04-09 21:51:54,808 --> INFO: Accuracy (rint) of the cross-validation: 22.619% ± 1.183%
2020-04-09 21:52:16,713 --> INFO: Accuracy (rint) of the predictions: 24.555%
2020-04-09 21:52:16,713 --> INFO: Fitting the feature engineered set for h11...
2020-04-10 00:01:34,691 --> INFO: Best parameters: {'C': 57.1755329164205, 'gamma': 0.027645527499421556, 'epsilon': 1e-06, 'shrinking': 1}
2020-04-10 00:03:25,030 --> INFO: Accuracy (rint) of the cross-validation: 72.456% ± 1.404%
2020-04-10 00:04:12,845 --> INFO: Accuracy (rint) of the predictions: 73.664%
2020-04-10 00:04:12,846 --> INFO: Fitting the feature engineered set for h21...
2020-04-10 01:05:03,071 --> INFO: Best parameters: {'C': 19.678296692699618, 'gamma': 0.006868285877846671, 'epsilon': 1e-06, 'shrinking': 1}
2020-04-10 01:05:38,004 --> INFO: Accuracy (rint) of the cross-validation: 37.636% ± 1.370%
2020-04-10 01:05:53,178 --> INFO: Accuracy (rint) of the predictions: 35.623%
2020-04-10 01:05:53,178 --> INFO: Plotting convergence progression...
2020-04-10 01:05:53,315 --> INFO: Saving ./img/original/svr_rbf_conv_prog_eng.png...
2020-04-10 01:05:53,475 --> INFO: Saved ./img/original/svr_rbf_conv_prog_eng.png!
2020-04-10 01:05:53,640 --> INFO: Plotting error distribution...
2020-04-10 01:05:54,987 --> INFO: Saving ./img/original/svr_rbf_error_eng.png...
2020-04-10 01:05:55,071 --> INFO: Saved ./img/original/svr_rbf_error_eng.png!
2020-04-10 01:05:55,165 --> INFO: Saving the estimator to svr_rbf_h11.joblib.xz...
2020-04-10 01:05:56,477 --> INFO: Saved svr_rbf_h11.joblib.xz!
2020-04-10 01:05:56,478 --> INFO: Saving the estimator to svr_rbf_h21.joblib.xz...
2020-04-10 01:05:57,950 --> INFO: Saved svr_rbf_h21.joblib.xz!

--------------------------------------------------------------------------------
                                 RANDOM FOREST
--------------------------------------------------------------------------------

2020-04-10 01:05:57,981 --> INFO: Evaluating Random Forest...
2020-04-10 01:05:57,986 --> INFO: Fitting the matrix baseline for h11...
2020-04-10 02:06:15,695 --> INFO: Best parameters: {'n_estimators': 75, 'min_samples_split': 2, 'min_samples_leaf': 2, 'max_depth': 20, 'criterion': 'friedman_mse'}
2020-04-10 02:06:24,459 --> INFO: Accuracy (floor) of the cross-validation: 62.067% ± 2.203%
2020-04-10 02:06:25,400 --> INFO: Accuracy (floor) of the predictions: 60.051%
2020-04-10 02:06:25,402 --> INFO: Fitting the matrix baseline for h21...
2020-04-10 04:19:41,414 --> INFO: Best parameters: {'n_estimators': 30, 'min_samples_split': 2, 'min_samples_leaf': 2, 'max_depth': 20, 'criterion': 'mae'}
2020-04-10 04:24:30,249 --> INFO: Accuracy (floor) of the cross-validation: 15.088% ± 1.133%
2020-04-10 04:25:01,952 --> INFO: Accuracy (floor) of the predictions: 15.267%
2020-04-10 04:25:01,953 --> INFO: Fitting the feature engineered set for h11...
2020-04-10 09:53:53,885 --> INFO: Best parameters: {'n_estimators': 30, 'min_samples_split': 12, 'min_samples_leaf': 2, 'max_depth': 6, 'criterion': 'mae'}
2020-04-10 10:05:07,317 --> INFO: Accuracy (floor) of the cross-validation: 64.544% ± 1.701%
2020-04-10 10:06:19,004 --> INFO: Accuracy (floor) of the predictions: 63.486%
2020-04-10 10:06:19,005 --> INFO: Fitting the feature engineered set for h21...
2020-04-10 14:08:58,795 --> INFO: Best parameters: {'n_estimators': 30, 'min_samples_split': 2, 'min_samples_leaf': 2, 'max_depth': 20, 'criterion': 'friedman_mse'}
2020-04-10 14:09:32,213 --> INFO: Accuracy (floor) of the cross-validation: 20.326% ± 1.372%
2020-04-10 14:09:35,349 --> INFO: Accuracy (floor) of the predictions: 17.176%
2020-04-10 14:09:35,354 --> INFO: Plotting convergence progression...
2020-04-10 14:09:35,702 --> INFO: Saving ./img/original/rnd_for_conv_prog_eng.png...
2020-04-10 14:09:35,925 --> INFO: Saved ./img/original/rnd_for_conv_prog_eng.png!
2020-04-10 14:09:36,214 --> INFO: Plotting error distribution...
2020-04-10 14:09:36,539 --> INFO: Saving ./img/original/rnd_for_error_eng.png...
2020-04-10 14:09:36,674 --> INFO: Saved ./img/original/rnd_for_error_eng.png!
2020-04-10 14:09:36,821 --> INFO: Saving the estimator to rnd_for_h11.joblib.xz...
2020-04-10 14:09:36,994 --> INFO: Saved rnd_for_h11.joblib.xz!
2020-04-10 14:09:36,995 --> INFO: Saving the estimator to rnd_for_h21.joblib.xz...
2020-04-10 14:09:39,214 --> INFO: Saved rnd_for_h21.joblib.xz!

--------------------------------------------------------------------------------
                                  GRADIENT BOOSTING
--------------------------------------------------------------------------------

2020-04-10 14:09:39,256 --> INFO: Evaluating Gradient Boosting...
2020-04-10 14:09:39,265 --> INFO: Fitting the matrix baseline for h11...
2020-04-10 17:13:46,507 --> INFO: Best parameters: {'loss': 'ls', 'criterion': 'mae', 'subsample': 1.0, 'learning_rate': 0.1, 'min_samples_split': 2, 'min_samples_leaf': 1, 'max_depth': 20}
2020-04-10 17:34:11,102 --> INFO: Accuracy (floor) of the cross-validation: 55.159% ± 2.581%
2020-04-10 17:41:36,558 --> INFO: Accuracy (floor) of the predictions: 55.471%
2020-04-10 17:41:36,558 --> INFO: Fitting the matrix baseline for h21...
2020-04-10 21:04:09,020 --> INFO: Best parameters: {'loss': 'ls', 'criterion': 'mae', 'subsample': 1.0, 'learning_rate': 0.1, 'min_samples_split': 2, 'min_samples_leaf': 1, 'max_depth': 20}
2020-04-10 21:32:58,130 --> INFO: Accuracy (floor) of the cross-validation: 16.957% ± 0.844%
2020-04-10 21:46:16,302 --> INFO: Accuracy (floor) of the predictions: 17.939%
2020-04-10 21:46:16,302 --> INFO: Fitting the feature engineered set for h11...
2020-04-11 03:37:04,891 --> INFO: Best parameters: {'loss': 'ls', 'criterion': 'friedman_mse', 'subsample': 0.9545470855056722, 'learning_rate': 0.1, 'min_samples_split': 3, 'min_samples_leaf': 1, 'max_depth': 2}
2020-04-11 03:37:15,180 --> INFO: Accuracy (floor) of the cross-validation: 59.604% ± 1.316%
2020-04-11 03:37:19,500 --> INFO: Accuracy (floor) of the predictions: 58.397%
2020-04-11 03:37:19,501 --> INFO: Fitting the feature engineered set for h21...
2020-04-11 22:23:09,180 --> INFO: Evaluating Gradient Boosting...
2020-04-11 22:23:09,186 --> INFO: Fitting the matrix baseline for h11...
2020-04-12 01:02:49,945 --> INFO: Best parameters: {'loss': 'ls', 'criterion': 'mae', 'subsample': 1.0, 'learning_rate': 0.1, 'min_samples_split': 2, 'min_samples_leaf': 1, 'max_depth': 20}
2020-04-12 01:22:19,542 --> INFO: Accuracy (floor) of the cross-validation: 55.159% ± 2.581%
2020-04-12 01:28:49,940 --> INFO: Accuracy (floor) of the predictions: 55.471%
2020-04-12 01:28:49,941 --> INFO: Fitting the matrix baseline for h21...
2020-04-12 04:37:28,027 --> INFO: Best parameters: {'loss': 'ls', 'criterion': 'mae', 'subsample': 1.0, 'learning_rate': 0.1, 'min_samples_split': 2, 'min_samples_leaf': 1, 'max_depth': 20}
2020-04-12 05:02:42,665 --> INFO: Accuracy (floor) of the cross-validation: 16.957% ± 0.844%
2020-04-12 05:13:10,022 --> INFO: Accuracy (floor) of the predictions: 17.939%
2020-04-12 05:13:10,022 --> INFO: Fitting the feature engineered set for h11...
2020-04-12 10:44:02,273 --> INFO: Best parameters: {'loss': 'ls', 'criterion': 'friedman_mse', 'subsample': 0.9545470855056722, 'learning_rate': 0.1, 'min_samples_split': 3, 'min_samples_leaf': 1, 'max_depth': 2}
2020-04-12 10:44:13,316 --> INFO: Accuracy (floor) of the cross-validation: 59.604% ± 1.316%
2020-04-12 10:44:17,671 --> INFO: Accuracy (floor) of the predictions: 58.397%
2020-04-12 10:44:17,672 --> INFO: Fitting the feature engineered set for h21...
2020-04-12 18:40:55,175 --> INFO: Best parameters: {'loss': 'ls', 'criterion': 'friedman_mse', 'subsample': 1.0, 'learning_rate': 0.1, 'min_samples_split': 10, 'min_samples_leaf': 1, 'max_depth': 17}
2020-04-12 18:41:59,817 --> INFO: Accuracy (floor) of the cross-validation: 23.241% ± 1.471%
2020-04-12 18:42:25,732 --> INFO: Accuracy (floor) of the predictions: 23.791%
2020-04-12 18:42:25,733 --> INFO: Plotting convergence progression...
2020-04-12 18:42:26,072 --> INFO: Saving ./img/original/grd_boost_conv_prog_eng.png...
2020-04-12 18:42:26,211 --> INFO: Saved ./img/original/grd_boost_conv_prog_eng.png!
2020-04-12 18:42:26,372 --> INFO: Plotting error distribution...
2020-04-12 18:42:26,443 --> INFO: Saving ./img/original/grd_boost_error_eng.png...
2020-04-12 18:42:26,520 --> INFO: Saved ./img/original/grd_boost_error_eng.png!
2020-04-12 18:42:26,601 --> INFO: Saving the estimator to grd_boost_h11.joblib.xz...
2020-04-12 18:42:26,646 --> INFO: Saved grd_boost_h11.joblib.xz!
2020-04-12 18:42:26,647 --> INFO: Saving the estimator to grd_boost_h21.joblib.xz...
2020-04-12 18:42:28,932 --> INFO: Saved grd_boost_h21.joblib.xz!
